2024.09.24 14:46:33 INFO  Started: Metals version 1.3.5 in folders 'C:\pp-assignment-0' for client Visual Studio Code 1.93.1.
SLF4J(W): Class path contains multiple SLF4J providers.
SLF4J(W): Found provider [scribe.slf4j.ScribeServiceProvider@7ad3b847]
SLF4J(W): Found provider [ch.qos.logback.classic.spi.LogbackServiceProvider@181fd88d]
SLF4J(W): See https://www.slf4j.org/codes.html#multiple_bindings for an explanation.
SLF4J(I): Actual provider is of type [scribe.slf4j.ScribeServiceProvider@7ad3b847]
2024.09.24 14:46:34 WARN  Flyway upgrade recommended: H2 2.3.230 is newer than this version of Flyway and support has not been tested. The latest supported version of H2 is 2.2.220.
2024.09.24 14:48:22 INFO  no build target found for C:\pp-assignment-0\src\main\scala\Main.scala. Using presentation compiler with project's scala-library version: 3.3.3
2024.09.24 14:48:25 INFO  no build target found for C:\pp-assignment-0\src\main\scala\Main.scala. Using presentation compiler with project's scala-library version: 3.3.3
2024.09.24 14:48:31 INFO  no build target found for C:\pp-assignment-0\src\main\scala\Main.scala. Using presentation compiler with project's scala-library version: 3.3.3
2024.09.24 14:48:31 INFO  no build target found for C:\pp-assignment-0\src\main\scala\Main.scala. Using presentation compiler with project's scala-library version: 3.3.3
2024.09.24 14:48:32 INFO  no build target found for C:\pp-assignment-0\src\main\scala\Main.scala. Using presentation compiler with project's scala-library version: 3.3.3
2024.09.24 14:48:37 INFO  no build target found for C:\pp-assignment-0\src\main\scala\Main.scala. Using presentation compiler with project's scala-library version: 3.3.3
2024.09.24 14:48:39 INFO  no build target found for C:\pp-assignment-0\src\main\scala\Main.scala. Using presentation compiler with project's scala-library version: 3.3.3
2024.09.24 14:48:41 INFO  no build target found for C:\pp-assignment-0\src\main\scala\Main.scala. Using presentation compiler with project's scala-library version: 3.3.3
2024.09.24 14:48:45 INFO  no build target found for C:\pp-assignment-0\src\main\scala\Main.scala. Using presentation compiler with project's scala-library version: 3.3.3
2024.09.24 14:48:46 INFO  no build target found for C:\pp-assignment-0\src\main\scala\Main.scala. Using presentation compiler with project's scala-library version: 3.3.3
2024.09.24 14:48:50 INFO  no build target found for C:\pp-assignment-0\src\main\scala\Main.scala. Using presentation compiler with project's scala-library version: 3.3.3
2024.09.24 14:48:50 INFO  no build target found for C:\pp-assignment-0\src\main\scala\Main.scala. Using presentation compiler with project's scala-library version: 3.3.3
2024.09.24 14:48:50 INFO  no build target found for C:\pp-assignment-0\src\main\scala\Main.scala. Using presentation compiler with project's scala-library version: 3.3.3
2024.09.24 14:48:52 INFO  no build target found for C:\pp-assignment-0\src\main\scala\Main.scala. Using presentation compiler with project's scala-library version: 3.3.3
2024.09.24 14:48:54 INFO  no build target found for C:\pp-assignment-0\src\main\scala\Main.scala. Using presentation compiler with project's scala-library version: 3.3.3
2024.09.24 14:48:57 INFO  no build target found for C:\pp-assignment-0\src\main\scala\Main.scala. Using presentation compiler with project's scala-library version: 3.3.3
2024.09.24 14:48:57 INFO  no build target found for C:\pp-assignment-0\src\main\scala\Main.scala. Using presentation compiler with project's scala-library version: 3.3.3
2024.09.24 14:48:57 INFO  no build target found for C:\pp-assignment-0\src\main\scala\Main.scala. Using presentation compiler with project's scala-library version: 3.3.3
2024.09.24 14:49:01 INFO  no build target found for C:\pp-assignment-0\src\main\scala\Main.scala. Using presentation compiler with project's scala-library version: 3.3.3
2024.09.24 14:49:01 INFO  no build target found for C:\pp-assignment-0\src\main\scala\Main.scala. Using presentation compiler with project's scala-library version: 3.3.3
2024.09.24 14:49:01 INFO  no build target found for C:\pp-assignment-0\src\main\scala\Main.scala. Using presentation compiler with project's scala-library version: 3.3.3
2024.09.24 14:49:01 INFO  no build target found for C:\pp-assignment-0\src\main\scala\Main.scala. Using presentation compiler with project's scala-library version: 3.3.3
2024.09.24 14:49:01 INFO  no build target found for C:\pp-assignment-0\src\main\scala\Main.scala. Using presentation compiler with project's scala-library version: 3.3.3
2024.09.24 14:49:01 INFO  no build target found for C:\pp-assignment-0\src\main\scala\Main.scala. Using presentation compiler with project's scala-library version: 3.3.3
2024.09.24 14:49:01 INFO  no build target found for C:\pp-assignment-0\src\main\scala\Main.scala. Using presentation compiler with project's scala-library version: 3.3.3
2024.09.24 14:49:01 INFO  no build target found for C:\pp-assignment-0\src\main\scala\Main.scala. Using presentation compiler with project's scala-library version: 3.3.3
2024.09.24 14:49:01 INFO  no build target found for C:\pp-assignment-0\src\main\scala\Main.scala. Using presentation compiler with project's scala-library version: 3.3.3
2024.09.24 14:49:02 INFO  no build target found for C:\pp-assignment-0\src\main\scala\Main.scala. Using presentation compiler with project's scala-library version: 3.3.3
2024.09.24 14:49:03 INFO  no build target found for C:\pp-assignment-0\src\main\scala\Main.scala. Using presentation compiler with project's scala-library version: 3.3.3
2024.09.24 14:49:04 INFO  no build target found for C:\pp-assignment-0\src\main\scala\Main.scala. Using presentation compiler with project's scala-library version: 3.3.3
2024.09.24 14:49:04 INFO  no build target found for C:\pp-assignment-0\src\main\scala\Main.scala. Using presentation compiler with project's scala-library version: 3.3.3
2024.09.24 14:49:05 INFO  no build target found for C:\pp-assignment-0\src\main\scala\Main.scala. Using presentation compiler with project's scala-library version: 3.3.3
2024.09.24 14:49:05 INFO  no build target found for C:\pp-assignment-0\src\main\scala\Main.scala. Using presentation compiler with project's scala-library version: 3.3.3
2024.09.24 14:49:05 INFO  no build target found for C:\pp-assignment-0\src\main\scala\Main.scala. Using presentation compiler with project's scala-library version: 3.3.3
2024.09.24 14:49:05 INFO  no build target found for C:\pp-assignment-0\src\main\scala\Main.scala. Using presentation compiler with project's scala-library version: 3.3.3
2024.09.24 14:49:06 INFO  no build target found for C:\pp-assignment-0\src\main\scala\Main.scala. Using presentation compiler with project's scala-library version: 3.3.3
2024.09.24 14:49:05 INFO  no build target found for C:\pp-assignment-0\src\main\scala\Main.scala. Using presentation compiler with project's scala-library version: 3.3.3
2024.09.24 14:49:06 INFO  no build target found for C:\pp-assignment-0\src\main\scala\Main.scala. Using presentation compiler with project's scala-library version: 3.3.3
2024.09.24 14:49:09 INFO  no build target found for C:\pp-assignment-0\src\main\scala\Main.scala. Using presentation compiler with project's scala-library version: 3.3.3
2024.09.24 14:49:09 INFO  no build target found for C:\pp-assignment-0\src\main\scala\Main.scala. Using presentation compiler with project's scala-library version: 3.3.3
2024.09.24 14:49:09 INFO  no build target found for C:\pp-assignment-0\src\main\scala\Main.scala. Using presentation compiler with project's scala-library version: 3.3.3
2024.09.24 14:49:09 INFO  no build target found for C:\pp-assignment-0\src\main\scala\Main.scala. Using presentation compiler with project's scala-library version: 3.3.3
2024.09.24 14:49:10 INFO  no build target found for C:\pp-assignment-0\src\main\scala\Main.scala. Using presentation compiler with project's scala-library version: 3.3.3
2024.09.24 14:49:11 INFO  no build target found for C:\pp-assignment-0\src\main\scala\Main.scala. Using presentation compiler with project's scala-library version: 3.3.3
2024.09.24 14:49:11 INFO  no build target found for C:\pp-assignment-0\src\main\scala\Main.scala. Using presentation compiler with project's scala-library version: 3.3.3
2024.09.24 14:49:11 INFO  no build target found for C:\pp-assignment-0\src\main\scala\Main.scala. Using presentation compiler with project's scala-library version: 3.3.3
2024.09.24 14:49:11 INFO  no build target found for C:\pp-assignment-0\src\main\scala\Main.scala. Using presentation compiler with project's scala-library version: 3.3.3
2024.09.24 14:49:12 INFO  no build target found for C:\pp-assignment-0\src\main\scala\Main.scala. Using presentation compiler with project's scala-library version: 3.3.3
2024.09.24 14:49:11 INFO  no build target found for C:\pp-assignment-0\src\main\scala\Main.scala. Using presentation compiler with project's scala-library version: 3.3.3
2024.09.24 14:49:12 INFO  no build target found for C:\pp-assignment-0\src\main\scala\Main.scala. Using presentation compiler with project's scala-library version: 3.3.3
2024.09.24 14:49:41 INFO  no build target found for C:\pp-assignment-0\src\main\scala\Main.scala. Using presentation compiler with project's scala-library version: 3.3.3
2024.09.24 14:49:44 INFO  no build target found for C:\pp-assignment-0\src\main\scala\Main.scala. Using presentation compiler with project's scala-library version: 3.3.3
2024.09.24 14:49:53 INFO  no build target found for C:\pp-assignment-0\src\test\scala\TestSuite.scala. Using presentation compiler with project's scala-library version: 3.3.3
2024.09.24 14:49:54 INFO  no build target found for C:\pp-assignment-0\src\test\scala\TestSuite.scala. Using presentation compiler with project's scala-library version: 3.3.3
2024.09.24 14:49:57 INFO  no build target found for C:\pp-assignment-0\src\main\scala\Main.scala. Using presentation compiler with project's scala-library version: 3.3.3
2024.09.24 14:49:57 INFO  no build target found for C:\pp-assignment-0\src\main\scala\Main.scala. Using presentation compiler with project's scala-library version: 3.3.3
2024.09.24 14:49:58 INFO  no build target found for C:\pp-assignment-0\src\main\scala\Main.scala. Using presentation compiler with project's scala-library version: 3.3.3
2024.09.24 14:49:58 INFO  no build target found for C:\pp-assignment-0\src\main\scala\Main.scala. Using presentation compiler with project's scala-library version: 3.3.3
2024.09.24 14:49:58 INFO  no build target found for C:\pp-assignment-0\src\main\scala\Main.scala. Using presentation compiler with project's scala-library version: 3.3.3
2024.09.24 14:51:00 INFO  no build target found for C:\pp-assignment-0\src\main\scala\Main.scala. Using presentation compiler with project's scala-library version: 3.3.3
2024.09.24 14:51:00 INFO  no build target found for C:\pp-assignment-0\src\main\scala\Main.scala. Using presentation compiler with project's scala-library version: 3.3.3
2024.09.24 14:51:00 INFO  no build target found for C:\pp-assignment-0\src\main\scala\Main.scala. Using presentation compiler with project's scala-library version: 3.3.3
2024.09.24 14:51:00 INFO  no build target found for C:\pp-assignment-0\src\main\scala\Main.scala. Using presentation compiler with project's scala-library version: 3.3.3
2024.09.24 14:51:00 INFO  no build target found for C:\pp-assignment-0\src\main\scala\Main.scala. Using presentation compiler with project's scala-library version: 3.3.3
2024.09.24 14:51:02 INFO  no build target found for C:\pp-assignment-0\src\main\scala\Main.scala. Using presentation compiler with project's scala-library version: 3.3.3
2024.09.24 14:51:02 INFO  no build target found for C:\pp-assignment-0\src\main\scala\Main.scala. Using presentation compiler with project's scala-library version: 3.3.3
2024.09.24 14:51:02 INFO  no build target found for C:\pp-assignment-0\src\main\scala\Main.scala. Using presentation compiler with project's scala-library version: 3.3.3
2024.09.24 14:51:02 INFO  no build target found for C:\pp-assignment-0\src\main\scala\Main.scala. Using presentation compiler with project's scala-library version: 3.3.3
2024.09.24 14:51:02 INFO  no build target found for C:\pp-assignment-0\src\main\scala\Main.scala. Using presentation compiler with project's scala-library version: 3.3.3
2024.09.24 14:51:03 INFO  no build target found for C:\pp-assignment-0\src\main\scala\Main.scala. Using presentation compiler with project's scala-library version: 3.3.3
2024.09.24 14:51:12 INFO  no build target found for C:\pp-assignment-0\src\main\scala\Main.scala. Using presentation compiler with project's scala-library version: 3.3.3
2024.09.24 14:51:12 INFO  no build target found for C:\pp-assignment-0\src\main\scala\Main.scala. Using presentation compiler with project's scala-library version: 3.3.3
2024.09.24 14:51:12 INFO  no build target found for C:\pp-assignment-0\src\main\scala\Main.scala. Using presentation compiler with project's scala-library version: 3.3.3
2024.09.24 14:51:12 INFO  no build target found for C:\pp-assignment-0\src\main\scala\Main.scala. Using presentation compiler with project's scala-library version: 3.3.3
2024.09.24 14:51:12 INFO  no build target found for C:\pp-assignment-0\src\main\scala\Main.scala. Using presentation compiler with project's scala-library version: 3.3.3
2024.09.24 14:51:12 INFO  no build target found for C:\pp-assignment-0\src\main\scala\Main.scala. Using presentation compiler with project's scala-library version: 3.3.3
2024.09.24 14:51:12 INFO  no build target found for C:\pp-assignment-0\src\main\scala\Main.scala. Using presentation compiler with project's scala-library version: 3.3.3
2024.09.24 14:51:13 INFO  no build target found for C:\pp-assignment-0\src\main\scala\Main.scala. Using presentation compiler with project's scala-library version: 3.3.3
2024.09.24 14:51:12 INFO  no build target found for C:\pp-assignment-0\src\main\scala\Main.scala. Using presentation compiler with project's scala-library version: 3.3.3
2024.09.24 14:51:13 INFO  no build target found for C:\pp-assignment-0\src\main\scala\Main.scala. Using presentation compiler with project's scala-library version: 3.3.3
2024.09.24 14:51:14 INFO  no build target found for C:\pp-assignment-0\src\main\scala\Main.scala. Using presentation compiler with project's scala-library version: 3.3.3
2024.09.24 14:51:14 INFO  no build target found for C:\pp-assignment-0\src\main\scala\Main.scala. Using presentation compiler with project's scala-library version: 3.3.3
2024.09.24 14:51:14 WARN  no build target for: C:\pp-assignment-0\src\main\scala\Main.scala
2024.09.24 14:51:14 INFO  no build target found for C:\pp-assignment-0\src\main\scala\Main.scala. Using presentation compiler with project's scala-library version: 3.3.3
2024.09.24 14:53:20 INFO  no build target found for C:\pp-assignment-0\src\main\scala\Main.scala. Using presentation compiler with project's scala-library version: 3.3.3
2024.09.24 14:53:20 INFO  no build target found for C:\pp-assignment-0\src\main\scala\Main.scala. Using presentation compiler with project's scala-library version: 3.3.3
2024.09.24 14:53:20 INFO  no build target found for C:\pp-assignment-0\src\main\scala\Main.scala. Using presentation compiler with project's scala-library version: 3.3.3
2024.09.24 14:53:20 INFO  no build target found for C:\pp-assignment-0\src\main\scala\Main.scala. Using presentation compiler with project's scala-library version: 3.3.3
2024.09.24 14:53:20 INFO  no build target found for C:\pp-assignment-0\src\main\scala\Main.scala. Using presentation compiler with project's scala-library version: 3.3.3
2024.09.24 14:53:20 INFO  no build target found for C:\pp-assignment-0\src\main\scala\Main.scala. Using presentation compiler with project's scala-library version: 3.3.3
2024.09.24 14:53:20 INFO  no build target found for C:\pp-assignment-0\src\main\scala\Main.scala. Using presentation compiler with project's scala-library version: 3.3.3
2024.09.24 14:53:20 INFO  no build target found for C:\pp-assignment-0\src\main\scala\Main.scala. Using presentation compiler with project's scala-library version: 3.3.3
2024.09.24 14:53:20 INFO  no build target found for C:\pp-assignment-0\src\main\scala\Main.scala. Using presentation compiler with project's scala-library version: 3.3.3
2024.09.24 14:53:20 INFO  no build target found for C:\pp-assignment-0\src\main\scala\Main.scala. Using presentation compiler with project's scala-library version: 3.3.3
2024.09.24 14:53:20 INFO  no build target found for C:\pp-assignment-0\src\main\scala\Main.scala. Using presentation compiler with project's scala-library version: 3.3.3
2024.09.24 14:53:21 INFO  no build target found for C:\pp-assignment-0\src\main\scala\Main.scala. Using presentation compiler with project's scala-library version: 3.3.3
2024.09.24 14:53:21 INFO  no build target found for C:\pp-assignment-0\src\main\scala\Main.scala. Using presentation compiler with project's scala-library version: 3.3.3
2024.09.24 14:53:21 INFO  no build target found for C:\pp-assignment-0\src\main\scala\Main.scala. Using presentation compiler with project's scala-library version: 3.3.3
2024.09.24 14:53:21 INFO  no build target found for C:\pp-assignment-0\src\main\scala\Main.scala. Using presentation compiler with project's scala-library version: 3.3.3
2024.09.24 14:53:21 INFO  no build target found for C:\pp-assignment-0\src\main\scala\Main.scala. Using presentation compiler with project's scala-library version: 3.3.3
2024.09.24 14:53:21 INFO  no build target found for C:\pp-assignment-0\src\main\scala\Main.scala. Using presentation compiler with project's scala-library version: 3.3.3
2024.09.24 14:53:23 INFO  no build target found for C:\pp-assignment-0\src\main\scala\Main.scala. Using presentation compiler with project's scala-library version: 3.3.3
2024.09.24 14:53:23 INFO  no build target found for C:\pp-assignment-0\src\main\scala\Main.scala. Using presentation compiler with project's scala-library version: 3.3.3
2024.09.24 14:53:23 INFO  no build target found for C:\pp-assignment-0\src\main\scala\Main.scala. Using presentation compiler with project's scala-library version: 3.3.3
2024.09.24 14:53:24 INFO  no build target found for C:\pp-assignment-0\src\main\scala\Main.scala. Using presentation compiler with project's scala-library version: 3.3.3
2024.09.24 14:53:24 INFO  no build target found for C:\pp-assignment-0\src\main\scala\Main.scala. Using presentation compiler with project's scala-library version: 3.3.3
2024.09.24 14:53:24 INFO  no build target found for C:\pp-assignment-0\src\main\scala\Main.scala. Using presentation compiler with project's scala-library version: 3.3.3
2024.09.24 14:53:24 INFO  no build target found for C:\pp-assignment-0\src\main\scala\Main.scala. Using presentation compiler with project's scala-library version: 3.3.3
2024.09.24 14:53:24 INFO  no build target found for C:\pp-assignment-0\src\main\scala\Main.scala. Using presentation compiler with project's scala-library version: 3.3.3
2024.09.24 14:53:25 INFO  no build target found for C:\pp-assignment-0\src\main\scala\Main.scala. Using presentation compiler with project's scala-library version: 3.3.3
2024.09.24 14:53:26 INFO  no build target found for C:\pp-assignment-0\src\main\scala\Main.scala. Using presentation compiler with project's scala-library version: 3.3.3
2024.09.24 14:53:26 INFO  no build target found for C:\pp-assignment-0\src\main\scala\Main.scala. Using presentation compiler with project's scala-library version: 3.3.3
2024.09.24 14:53:26 INFO  no build target found for C:\pp-assignment-0\src\main\scala\Main.scala. Using presentation compiler with project's scala-library version: 3.3.3
2024.09.24 14:53:26 INFO  no build target found for C:\pp-assignment-0\src\main\scala\Main.scala. Using presentation compiler with project's scala-library version: 3.3.3
2024.09.24 14:53:26 INFO  no build target found for C:\pp-assignment-0\src\main\scala\Main.scala. Using presentation compiler with project's scala-library version: 3.3.3
2024.09.24 14:53:26 INFO  no build target found for C:\pp-assignment-0\src\main\scala\Main.scala. Using presentation compiler with project's scala-library version: 3.3.3
2024.09.24 14:53:27 INFO  no build target found for C:\pp-assignment-0\src\main\scala\Main.scala. Using presentation compiler with project's scala-library version: 3.3.3
2024.09.24 14:53:26 INFO  no build target found for C:\pp-assignment-0\src\main\scala\Main.scala. Using presentation compiler with project's scala-library version: 3.3.3
2024.09.24 14:53:28 INFO  no build target found for C:\pp-assignment-0\src\main\scala\Main.scala. Using presentation compiler with project's scala-library version: 3.3.3
2024.09.24 14:53:28 INFO  no build target found for C:\pp-assignment-0\src\main\scala\Main.scala. Using presentation compiler with project's scala-library version: 3.3.3
2024.09.24 14:53:30 INFO  no build target found for C:\pp-assignment-0\src\main\scala\Main.scala. Using presentation compiler with project's scala-library version: 3.3.3
2024.09.24 14:53:30 INFO  no build target found for C:\pp-assignment-0\src\main\scala\Main.scala. Using presentation compiler with project's scala-library version: 3.3.3
2024.09.24 14:53:32 INFO  no build target found for C:\pp-assignment-0\src\main\scala\Main.scala. Using presentation compiler with project's scala-library version: 3.3.3
2024.09.24 14:53:32 INFO  no build target found for C:\pp-assignment-0\src\main\scala\Main.scala. Using presentation compiler with project's scala-library version: 3.3.3
2024.09.24 14:53:32 INFO  no build target found for C:\pp-assignment-0\src\main\scala\Main.scala. Using presentation compiler with project's scala-library version: 3.3.3
2024.09.24 14:53:32 INFO  no build target found for C:\pp-assignment-0\src\main\scala\Main.scala. Using presentation compiler with project's scala-library version: 3.3.3
2024.09.24 14:53:33 INFO  no build target found for C:\pp-assignment-0\src\main\scala\Main.scala. Using presentation compiler with project's scala-library version: 3.3.3
2024.09.24 14:53:33 INFO  no build target found for C:\pp-assignment-0\src\main\scala\Main.scala. Using presentation compiler with project's scala-library version: 3.3.3
2024.09.24 14:53:33 INFO  no build target found for C:\pp-assignment-0\src\main\scala\Main.scala. Using presentation compiler with project's scala-library version: 3.3.3
2024.09.24 14:53:33 INFO  no build target found for C:\pp-assignment-0\src\main\scala\Main.scala. Using presentation compiler with project's scala-library version: 3.3.3
2024.09.24 14:53:34 WARN  no build target for: C:\pp-assignment-0\src\main\scala\Main.scala
2024.09.24 14:53:34 INFO  no build target found for C:\pp-assignment-0\src\main\scala\Main.scala. Using presentation compiler with project's scala-library version: 3.3.3
2024.09.24 14:53:34 INFO  no build target found for C:\pp-assignment-0\src\main\scala\Main.scala. Using presentation compiler with project's scala-library version: 3.3.3
2024.09.24 14:53:35 INFO  no build target found for C:\pp-assignment-0\src\main\scala\Main.scala. Using presentation compiler with project's scala-library version: 3.3.3
2024.09.24 14:53:35 INFO  no build target found for C:\pp-assignment-0\src\main\scala\Main.scala. Using presentation compiler with project's scala-library version: 3.3.3
2024.09.24 14:53:48 INFO  no build target found for C:\pp-assignment-0\src\main\scala\Main.scala. Using presentation compiler with project's scala-library version: 3.3.3
2024.09.24 14:53:48 INFO  no build target found for C:\pp-assignment-0\src\main\scala\Main.scala. Using presentation compiler with project's scala-library version: 3.3.3
2024.09.24 14:53:50 INFO  no build target found for C:\pp-assignment-0\src\main\scala\Main.scala. Using presentation compiler with project's scala-library version: 3.3.3
2024.09.24 14:53:50 INFO  no build target found for C:\pp-assignment-0\src\main\scala\Main.scala. Using presentation compiler with project's scala-library version: 3.3.3
2024.09.24 14:53:52 INFO  no build target found for C:\pp-assignment-0\src\main\scala\Main.scala. Using presentation compiler with project's scala-library version: 3.3.3
2024.09.24 14:53:52 INFO  no build target found for C:\pp-assignment-0\src\main\scala\Main.scala. Using presentation compiler with project's scala-library version: 3.3.3
2024.09.24 14:53:53 INFO  no build target found for C:\pp-assignment-0\src\main\scala\Main.scala. Using presentation compiler with project's scala-library version: 3.3.3
2024.09.24 14:53:53 INFO  no build target found for C:\pp-assignment-0\src\main\scala\Main.scala. Using presentation compiler with project's scala-library version: 3.3.3
2024.09.24 14:53:53 INFO  no build target found for C:\pp-assignment-0\src\main\scala\Main.scala. Using presentation compiler with project's scala-library version: 3.3.3
2024.09.24 14:53:54 INFO  no build target found for C:\pp-assignment-0\src\main\scala\Main.scala. Using presentation compiler with project's scala-library version: 3.3.3
2024.09.24 14:53:55 INFO  no build target found for C:\pp-assignment-0\src\main\scala\Main.scala. Using presentation compiler with project's scala-library version: 3.3.3
2024.09.24 14:53:55 INFO  no build target found for C:\pp-assignment-0\src\main\scala\Main.scala. Using presentation compiler with project's scala-library version: 3.3.3
2024.09.24 14:53:54 INFO  no build target found for C:\pp-assignment-0\src\main\scala\Main.scala. Using presentation compiler with project's scala-library version: 3.3.3
2024.09.24 14:53:56 INFO  no build target found for C:\pp-assignment-0\src\main\scala\Main.scala. Using presentation compiler with project's scala-library version: 3.3.3
2024.09.24 14:53:56 INFO  no build target found for C:\pp-assignment-0\src\main\scala\Main.scala. Using presentation compiler with project's scala-library version: 3.3.3
2024.09.24 14:53:56 INFO  no build target found for C:\pp-assignment-0\src\main\scala\Main.scala. Using presentation compiler with project's scala-library version: 3.3.3
2024.09.24 14:53:56 INFO  no build target found for C:\pp-assignment-0\src\main\scala\Main.scala. Using presentation compiler with project's scala-library version: 3.3.3
2024.09.24 14:53:56 INFO  no build target found for C:\pp-assignment-0\src\main\scala\Main.scala. Using presentation compiler with project's scala-library version: 3.3.3
2024.09.24 14:53:56 INFO  no build target found for C:\pp-assignment-0\src\main\scala\Main.scala. Using presentation compiler with project's scala-library version: 3.3.3
2024.09.24 14:53:57 INFO  no build target found for C:\pp-assignment-0\src\main\scala\Main.scala. Using presentation compiler with project's scala-library version: 3.3.3
2024.09.24 14:53:57 INFO  no build target found for C:\pp-assignment-0\src\main\scala\Main.scala. Using presentation compiler with project's scala-library version: 3.3.3
2024.09.24 14:53:57 INFO  no build target found for C:\pp-assignment-0\src\main\scala\Main.scala. Using presentation compiler with project's scala-library version: 3.3.3
2024.09.24 14:53:59 INFO  no build target found for C:\pp-assignment-0\src\main\scala\Main.scala. Using presentation compiler with project's scala-library version: 3.3.3
2024.09.24 14:53:59 INFO  no build target found for C:\pp-assignment-0\src\main\scala\Main.scala. Using presentation compiler with project's scala-library version: 3.3.3
2024.09.24 14:54:00 INFO  no build target found for C:\pp-assignment-0\src\main\scala\Main.scala. Using presentation compiler with project's scala-library version: 3.3.3
2024.09.24 14:54:00 INFO  no build target found for C:\pp-assignment-0\src\main\scala\Main.scala. Using presentation compiler with project's scala-library version: 3.3.3
2024.09.24 14:54:03 INFO  no build target found for C:\pp-assignment-0\src\main\scala\Main.scala. Using presentation compiler with project's scala-library version: 3.3.3
2024.09.24 14:54:03 INFO  no build target found for C:\pp-assignment-0\src\main\scala\Main.scala. Using presentation compiler with project's scala-library version: 3.3.3
2024.09.24 14:54:03 INFO  no build target found for C:\pp-assignment-0\src\main\scala\Main.scala. Using presentation compiler with project's scala-library version: 3.3.3
2024.09.24 14:54:03 INFO  no build target found for C:\pp-assignment-0\src\main\scala\Main.scala. Using presentation compiler with project's scala-library version: 3.3.3
2024.09.24 14:54:03 INFO  no build target found for C:\pp-assignment-0\src\main\scala\Main.scala. Using presentation compiler with project's scala-library version: 3.3.3
2024.09.24 14:54:03 INFO  no build target found for C:\pp-assignment-0\src\main\scala\Main.scala. Using presentation compiler with project's scala-library version: 3.3.3
2024.09.24 14:54:03 INFO  no build target found for C:\pp-assignment-0\src\main\scala\Main.scala. Using presentation compiler with project's scala-library version: 3.3.3
2024.09.24 14:54:04 INFO  no build target found for C:\pp-assignment-0\src\main\scala\Main.scala. Using presentation compiler with project's scala-library version: 3.3.3
2024.09.24 14:54:04 INFO  no build target found for C:\pp-assignment-0\src\main\scala\Main.scala. Using presentation compiler with project's scala-library version: 3.3.3
2024.09.24 14:54:04 INFO  no build target found for C:\pp-assignment-0\src\main\scala\Main.scala. Using presentation compiler with project's scala-library version: 3.3.3
2024.09.24 14:54:04 INFO  no build target found for C:\pp-assignment-0\src\main\scala\Main.scala. Using presentation compiler with project's scala-library version: 3.3.3
2024.09.24 14:54:04 INFO  no build target found for C:\pp-assignment-0\src\main\scala\Main.scala. Using presentation compiler with project's scala-library version: 3.3.3
2024.09.24 14:54:05 INFO  no build target found for C:\pp-assignment-0\src\main\scala\Main.scala. Using presentation compiler with project's scala-library version: 3.3.3
2024.09.24 14:54:04 INFO  no build target found for C:\pp-assignment-0\src\main\scala\Main.scala. Using presentation compiler with project's scala-library version: 3.3.3
2024.09.24 14:54:05 INFO  no build target found for C:\pp-assignment-0\src\main\scala\Main.scala. Using presentation compiler with project's scala-library version: 3.3.3
2024.09.24 14:54:05 INFO  no build target found for C:\pp-assignment-0\src\main\scala\Main.scala. Using presentation compiler with project's scala-library version: 3.3.3
2024.09.24 14:54:05 INFO  no build target found for C:\pp-assignment-0\src\main\scala\Main.scala. Using presentation compiler with project's scala-library version: 3.3.3
2024.09.24 14:54:05 INFO  no build target found for C:\pp-assignment-0\src\main\scala\Main.scala. Using presentation compiler with project's scala-library version: 3.3.3
2024.09.24 14:54:05 INFO  no build target found for C:\pp-assignment-0\src\main\scala\Main.scala. Using presentation compiler with project's scala-library version: 3.3.3
2024.09.24 14:54:06 INFO  no build target found for C:\pp-assignment-0\src\main\scala\Main.scala. Using presentation compiler with project's scala-library version: 3.3.3
2024.09.24 14:54:07 INFO  no build target found for C:\pp-assignment-0\src\main\scala\Main.scala. Using presentation compiler with project's scala-library version: 3.3.3
2024.09.24 14:54:07 INFO  no build target found for C:\pp-assignment-0\src\main\scala\Main.scala. Using presentation compiler with project's scala-library version: 3.3.3
2024.09.24 14:54:08 INFO  no build target found for C:\pp-assignment-0\src\main\scala\Main.scala. Using presentation compiler with project's scala-library version: 3.3.3
2024.09.24 14:54:08 INFO  no build target found for C:\pp-assignment-0\src\main\scala\Main.scala. Using presentation compiler with project's scala-library version: 3.3.3
2024.09.24 14:54:08 INFO  no build target found for C:\pp-assignment-0\src\main\scala\Main.scala. Using presentation compiler with project's scala-library version: 3.3.3
2024.09.24 14:54:09 INFO  no build target found for C:\pp-assignment-0\src\main\scala\Main.scala. Using presentation compiler with project's scala-library version: 3.3.3
2024.09.24 14:54:09 INFO  no build target found for C:\pp-assignment-0\src\main\scala\Main.scala. Using presentation compiler with project's scala-library version: 3.3.3
2024.09.24 14:54:09 INFO  no build target found for C:\pp-assignment-0\src\main\scala\Main.scala. Using presentation compiler with project's scala-library version: 3.3.3
2024.09.24 14:54:09 INFO  no build target found for C:\pp-assignment-0\src\main\scala\Main.scala. Using presentation compiler with project's scala-library version: 3.3.3
2024.09.24 14:54:09 INFO  no build target found for C:\pp-assignment-0\src\main\scala\Main.scala. Using presentation compiler with project's scala-library version: 3.3.3
2024.09.24 14:54:09 INFO  no build target found for C:\pp-assignment-0\src\main\scala\Main.scala. Using presentation compiler with project's scala-library version: 3.3.3
2024.09.24 14:54:09 INFO  no build target found for C:\pp-assignment-0\src\main\scala\Main.scala. Using presentation compiler with project's scala-library version: 3.3.3
2024.09.24 14:54:09 INFO  no build target found for C:\pp-assignment-0\src\main\scala\Main.scala. Using presentation compiler with project's scala-library version: 3.3.3
2024.09.24 14:54:10 INFO  no build target found for C:\pp-assignment-0\src\main\scala\Main.scala. Using presentation compiler with project's scala-library version: 3.3.3
2024.09.24 14:54:10 INFO  no build target found for C:\pp-assignment-0\src\main\scala\Main.scala. Using presentation compiler with project's scala-library version: 3.3.3
2024.09.24 14:54:10 INFO  no build target found for C:\pp-assignment-0\src\main\scala\Main.scala. Using presentation compiler with project's scala-library version: 3.3.3
2024.09.24 14:54:10 INFO  no build target found for C:\pp-assignment-0\src\main\scala\Main.scala. Using presentation compiler with project's scala-library version: 3.3.3
2024.09.24 14:54:10 INFO  no build target found for C:\pp-assignment-0\src\main\scala\Main.scala. Using presentation compiler with project's scala-library version: 3.3.3
2024.09.24 14:54:10 INFO  no build target found for C:\pp-assignment-0\src\main\scala\Main.scala. Using presentation compiler with project's scala-library version: 3.3.3
2024.09.24 14:54:10 INFO  no build target found for C:\pp-assignment-0\src\main\scala\Main.scala. Using presentation compiler with project's scala-library version: 3.3.3
2024.09.24 14:54:10 INFO  no build target found for C:\pp-assignment-0\src\main\scala\Main.scala. Using presentation compiler with project's scala-library version: 3.3.3
2024.09.24 14:54:10 INFO  no build target found for C:\pp-assignment-0\src\main\scala\Main.scala. Using presentation compiler with project's scala-library version: 3.3.3
2024.09.24 14:54:11 INFO  no build target found for C:\pp-assignment-0\src\main\scala\Main.scala. Using presentation compiler with project's scala-library version: 3.3.3
2024.09.24 14:54:11 INFO  no build target found for C:\pp-assignment-0\src\main\scala\Main.scala. Using presentation compiler with project's scala-library version: 3.3.3
2024.09.24 14:54:11 INFO  no build target found for C:\pp-assignment-0\src\main\scala\Main.scala. Using presentation compiler with project's scala-library version: 3.3.3
2024.09.24 14:54:11 INFO  no build target found for C:\pp-assignment-0\src\main\scala\Main.scala. Using presentation compiler with project's scala-library version: 3.3.3
2024.09.24 14:54:12 INFO  no build target found for C:\pp-assignment-0\src\main\scala\Main.scala. Using presentation compiler with project's scala-library version: 3.3.3
2024.09.24 14:54:11 INFO  no build target found for C:\pp-assignment-0\src\main\scala\Main.scala. Using presentation compiler with project's scala-library version: 3.3.3
2024.09.24 14:54:11 INFO  no build target found for C:\pp-assignment-0\src\main\scala\Main.scala. Using presentation compiler with project's scala-library version: 3.3.3
2024.09.24 14:54:11 INFO  no build target found for C:\pp-assignment-0\src\main\scala\Main.scala. Using presentation compiler with project's scala-library version: 3.3.3
2024.09.24 14:54:12 INFO  no build target found for C:\pp-assignment-0\src\main\scala\Main.scala. Using presentation compiler with project's scala-library version: 3.3.3
2024.09.24 14:54:11 INFO  no build target found for C:\pp-assignment-0\src\main\scala\Main.scala. Using presentation compiler with project's scala-library version: 3.3.3
2024.09.24 14:54:11 INFO  no build target found for C:\pp-assignment-0\src\main\scala\Main.scala. Using presentation compiler with project's scala-library version: 3.3.3
2024.09.24 14:54:13 INFO  no build target found for C:\pp-assignment-0\src\main\scala\Main.scala. Using presentation compiler with project's scala-library version: 3.3.3
2024.09.24 14:54:12 INFO  no build target found for C:\pp-assignment-0\src\main\scala\Main.scala. Using presentation compiler with project's scala-library version: 3.3.3
2024.09.24 14:54:15 INFO  no build target found for C:\pp-assignment-0\src\main\scala\Main.scala. Using presentation compiler with project's scala-library version: 3.3.3
2024.09.24 14:54:15 INFO  no build target found for C:\pp-assignment-0\src\main\scala\Main.scala. Using presentation compiler with project's scala-library version: 3.3.3
2024.09.24 14:54:15 INFO  no build target found for C:\pp-assignment-0\src\main\scala\Main.scala. Using presentation compiler with project's scala-library version: 3.3.3
2024.09.24 14:54:15 INFO  no build target found for C:\pp-assignment-0\src\main\scala\Main.scala. Using presentation compiler with project's scala-library version: 3.3.3
2024.09.24 14:54:15 INFO  no build target found for C:\pp-assignment-0\src\main\scala\Main.scala. Using presentation compiler with project's scala-library version: 3.3.3
2024.09.24 14:54:16 INFO  no build target found for C:\pp-assignment-0\src\main\scala\Main.scala. Using presentation compiler with project's scala-library version: 3.3.3
2024.09.24 14:54:16 INFO  no build target found for C:\pp-assignment-0\src\main\scala\Main.scala. Using presentation compiler with project's scala-library version: 3.3.3
2024.09.24 14:54:16 INFO  no build target found for C:\pp-assignment-0\src\main\scala\Main.scala. Using presentation compiler with project's scala-library version: 3.3.3
2024.09.24 14:54:17 INFO  no build target found for C:\pp-assignment-0\src\main\scala\Main.scala. Using presentation compiler with project's scala-library version: 3.3.3
2024.09.24 14:54:17 INFO  no build target found for C:\pp-assignment-0\src\main\scala\Main.scala. Using presentation compiler with project's scala-library version: 3.3.3
9월 24, 2024 2:54:17 오후 org.eclipse.lsp4j.jsonrpc.RemoteEndpoint handleCancellation
경고: Unmatched cancel notification for request id 484
2024.09.24 14:54:17 INFO  no build target found for C:\pp-assignment-0\src\main\scala\Main.scala. Using presentation compiler with project's scala-library version: 3.3.3
2024.09.24 14:54:17 INFO  no build target found for C:\pp-assignment-0\src\main\scala\Main.scala. Using presentation compiler with project's scala-library version: 3.3.3
2024.09.24 14:54:17 INFO  no build target found for C:\pp-assignment-0\src\main\scala\Main.scala. Using presentation compiler with project's scala-library version: 3.3.3
2024.09.24 14:54:18 INFO  no build target found for C:\pp-assignment-0\src\main\scala\Main.scala. Using presentation compiler with project's scala-library version: 3.3.3
2024.09.24 14:54:18 INFO  no build target found for C:\pp-assignment-0\src\main\scala\Main.scala. Using presentation compiler with project's scala-library version: 3.3.3
2024.09.24 14:54:18 INFO  no build target found for C:\pp-assignment-0\src\main\scala\Main.scala. Using presentation compiler with project's scala-library version: 3.3.3
2024.09.24 14:54:18 INFO  no build target found for C:\pp-assignment-0\src\main\scala\Main.scala. Using presentation compiler with project's scala-library version: 3.3.3
2024.09.24 14:54:19 INFO  no build target found for C:\pp-assignment-0\src\main\scala\Main.scala. Using presentation compiler with project's scala-library version: 3.3.3
2024.09.24 14:54:21 INFO  no build target found for C:\pp-assignment-0\src\main\scala\Main.scala. Using presentation compiler with project's scala-library version: 3.3.3
2024.09.24 14:54:21 INFO  no build target found for C:\pp-assignment-0\src\main\scala\Main.scala. Using presentation compiler with project's scala-library version: 3.3.3
2024.09.24 14:54:21 INFO  no build target found for C:\pp-assignment-0\src\main\scala\Main.scala. Using presentation compiler with project's scala-library version: 3.3.3
2024.09.24 14:54:21 INFO  no build target found for C:\pp-assignment-0\src\main\scala\Main.scala. Using presentation compiler with project's scala-library version: 3.3.3
2024.09.24 14:54:21 INFO  no build target found for C:\pp-assignment-0\src\main\scala\Main.scala. Using presentation compiler with project's scala-library version: 3.3.3
2024.09.24 14:54:22 INFO  no build target found for C:\pp-assignment-0\src\main\scala\Main.scala. Using presentation compiler with project's scala-library version: 3.3.3
2024.09.24 14:54:23 INFO  no build target found for C:\pp-assignment-0\src\main\scala\Main.scala. Using presentation compiler with project's scala-library version: 3.3.3
2024.09.24 14:54:23 INFO  no build target found for C:\pp-assignment-0\src\main\scala\Main.scala. Using presentation compiler with project's scala-library version: 3.3.3
2024.09.24 14:54:23 INFO  no build target found for C:\pp-assignment-0\src\main\scala\Main.scala. Using presentation compiler with project's scala-library version: 3.3.3
2024.09.24 14:54:24 INFO  no build target found for C:\pp-assignment-0\src\main\scala\Main.scala. Using presentation compiler with project's scala-library version: 3.3.3
2024.09.24 14:54:24 INFO  no build target found for C:\pp-assignment-0\src\main\scala\Main.scala. Using presentation compiler with project's scala-library version: 3.3.3
2024.09.24 14:54:24 INFO  no build target found for C:\pp-assignment-0\src\main\scala\Main.scala. Using presentation compiler with project's scala-library version: 3.3.3
2024.09.24 14:54:24 INFO  no build target found for C:\pp-assignment-0\src\main\scala\Main.scala. Using presentation compiler with project's scala-library version: 3.3.3
2024.09.24 14:54:24 INFO  no build target found for C:\pp-assignment-0\src\main\scala\Main.scala. Using presentation compiler with project's scala-library version: 3.3.3
2024.09.24 14:54:25 INFO  no build target found for C:\pp-assignment-0\src\main\scala\Main.scala. Using presentation compiler with project's scala-library version: 3.3.3
2024.09.24 14:54:26 INFO  no build target found for C:\pp-assignment-0\src\main\scala\Main.scala. Using presentation compiler with project's scala-library version: 3.3.3
2024.09.24 14:54:26 INFO  no build target found for C:\pp-assignment-0\src\main\scala\Main.scala. Using presentation compiler with project's scala-library version: 3.3.3
2024.09.24 14:54:25 INFO  no build target found for C:\pp-assignment-0\src\main\scala\Main.scala. Using presentation compiler with project's scala-library version: 3.3.3
2024.09.24 14:54:26 INFO  no build target found for C:\pp-assignment-0\src\main\scala\Main.scala. Using presentation compiler with project's scala-library version: 3.3.3
2024.09.24 14:54:26 INFO  no build target found for C:\pp-assignment-0\src\main\scala\Main.scala. Using presentation compiler with project's scala-library version: 3.3.3
2024.09.24 14:54:26 INFO  no build target found for C:\pp-assignment-0\src\main\scala\Main.scala. Using presentation compiler with project's scala-library version: 3.3.3
2024.09.24 14:54:27 INFO  no build target found for C:\pp-assignment-0\src\main\scala\Main.scala. Using presentation compiler with project's scala-library version: 3.3.3
2024.09.24 14:54:26 INFO  no build target found for C:\pp-assignment-0\src\main\scala\Main.scala. Using presentation compiler with project's scala-library version: 3.3.3
2024.09.24 14:54:26 INFO  no build target found for C:\pp-assignment-0\src\main\scala\Main.scala. Using presentation compiler with project's scala-library version: 3.3.3
2024.09.24 14:54:27 INFO  no build target found for C:\pp-assignment-0\src\main\scala\Main.scala. Using presentation compiler with project's scala-library version: 3.3.3
2024.09.24 14:54:27 INFO  no build target found for C:\pp-assignment-0\src\main\scala\Main.scala. Using presentation compiler with project's scala-library version: 3.3.3
2024.09.24 14:54:27 INFO  no build target found for C:\pp-assignment-0\src\main\scala\Main.scala. Using presentation compiler with project's scala-library version: 3.3.3
2024.09.24 14:54:27 INFO  no build target found for C:\pp-assignment-0\src\main\scala\Main.scala. Using presentation compiler with project's scala-library version: 3.3.3
2024.09.24 14:54:27 INFO  no build target found for C:\pp-assignment-0\src\main\scala\Main.scala. Using presentation compiler with project's scala-library version: 3.3.3
2024.09.24 14:54:28 INFO  no build target found for C:\pp-assignment-0\src\main\scala\Main.scala. Using presentation compiler with project's scala-library version: 3.3.3
2024.09.24 14:56:27 INFO  no build target found for C:\pp-assignment-0\src\main\scala\Main.scala. Using presentation compiler with project's scala-library version: 3.3.3
2024.09.24 15:04:02 INFO  no build target found for C:\pp-assignment-0\src\main\scala\Main.scala. Using presentation compiler with project's scala-library version: 3.3.3
2024.09.24 15:04:02 INFO  no build target found for C:\pp-assignment-0\src\main\scala\Main.scala. Using presentation compiler with project's scala-library version: 3.3.3
2024.09.24 15:04:03 INFO  no build target found for C:\pp-assignment-0\src\main\scala\Main.scala. Using presentation compiler with project's scala-library version: 3.3.3
2024.09.24 15:04:03 INFO  no build target found for C:\pp-assignment-0\src\main\scala\Main.scala. Using presentation compiler with project's scala-library version: 3.3.3
2024.09.24 15:04:03 INFO  no build target found for C:\pp-assignment-0\src\main\scala\Main.scala. Using presentation compiler with project's scala-library version: 3.3.3
2024.09.24 15:04:03 INFO  no build target found for C:\pp-assignment-0\src\main\scala\Main.scala. Using presentation compiler with project's scala-library version: 3.3.3
2024.09.24 15:04:03 INFO  no build target found for C:\pp-assignment-0\src\main\scala\Main.scala. Using presentation compiler with project's scala-library version: 3.3.3
2024.09.24 15:04:03 INFO  no build target found for C:\pp-assignment-0\src\main\scala\Main.scala. Using presentation compiler with project's scala-library version: 3.3.3
2024.09.24 15:04:03 INFO  no build target found for C:\pp-assignment-0\src\main\scala\Main.scala. Using presentation compiler with project's scala-library version: 3.3.3
2024.09.24 15:04:03 INFO  no build target found for C:\pp-assignment-0\src\main\scala\Main.scala. Using presentation compiler with project's scala-library version: 3.3.3
2024.09.24 15:04:04 INFO  no build target found for C:\pp-assignment-0\src\main\scala\Main.scala. Using presentation compiler with project's scala-library version: 3.3.3
2024.09.24 15:04:04 INFO  no build target found for C:\pp-assignment-0\src\main\scala\Main.scala. Using presentation compiler with project's scala-library version: 3.3.3
2024.09.24 15:04:04 INFO  no build target found for C:\pp-assignment-0\src\main\scala\Main.scala. Using presentation compiler with project's scala-library version: 3.3.3
2024.09.24 15:04:04 INFO  no build target found for C:\pp-assignment-0\src\main\scala\Main.scala. Using presentation compiler with project's scala-library version: 3.3.3
2024.09.24 15:04:05 INFO  no build target found for C:\pp-assignment-0\src\main\scala\Main.scala. Using presentation compiler with project's scala-library version: 3.3.3
2024.09.24 15:04:04 INFO  no build target found for C:\pp-assignment-0\src\main\scala\Main.scala. Using presentation compiler with project's scala-library version: 3.3.3
2024.09.24 15:04:04 INFO  no build target found for C:\pp-assignment-0\src\main\scala\Main.scala. Using presentation compiler with project's scala-library version: 3.3.3
2024.09.24 15:04:05 INFO  no build target found for C:\pp-assignment-0\src\main\scala\Main.scala. Using presentation compiler with project's scala-library version: 3.3.3
2024.09.24 15:04:04 INFO  no build target found for C:\pp-assignment-0\src\main\scala\Main.scala. Using presentation compiler with project's scala-library version: 3.3.3
2024.09.24 15:04:04 INFO  no build target found for C:\pp-assignment-0\src\main\scala\Main.scala. Using presentation compiler with project's scala-library version: 3.3.3
2024.09.24 15:04:05 INFO  no build target found for C:\pp-assignment-0\src\main\scala\Main.scala. Using presentation compiler with project's scala-library version: 3.3.3
2024.09.24 15:04:06 INFO  no build target found for C:\pp-assignment-0\src\main\scala\Main.scala. Using presentation compiler with project's scala-library version: 3.3.3
2024.09.24 15:04:06 INFO  no build target found for C:\pp-assignment-0\src\main\scala\Main.scala. Using presentation compiler with project's scala-library version: 3.3.3
2024.09.24 15:04:06 INFO  no build target found for C:\pp-assignment-0\src\main\scala\Main.scala. Using presentation compiler with project's scala-library version: 3.3.3
2024.09.24 15:04:06 INFO  no build target found for C:\pp-assignment-0\src\main\scala\Main.scala. Using presentation compiler with project's scala-library version: 3.3.3
2024.09.24 15:04:06 INFO  no build target found for C:\pp-assignment-0\src\main\scala\Main.scala. Using presentation compiler with project's scala-library version: 3.3.3
2024.09.24 15:04:07 INFO  no build target found for C:\pp-assignment-0\src\main\scala\Main.scala. Using presentation compiler with project's scala-library version: 3.3.3
2024.09.24 15:04:07 INFO  no build target found for C:\pp-assignment-0\src\main\scala\Main.scala. Using presentation compiler with project's scala-library version: 3.3.3
2024.09.24 15:04:07 INFO  no build target found for C:\pp-assignment-0\src\main\scala\Main.scala. Using presentation compiler with project's scala-library version: 3.3.3
2024.09.24 15:04:08 INFO  no build target found for C:\pp-assignment-0\src\main\scala\Main.scala. Using presentation compiler with project's scala-library version: 3.3.3
2024.09.24 15:04:07 INFO  no build target found for C:\pp-assignment-0\src\main\scala\Main.scala. Using presentation compiler with project's scala-library version: 3.3.3
2024.09.24 15:04:07 INFO  no build target found for C:\pp-assignment-0\src\main\scala\Main.scala. Using presentation compiler with project's scala-library version: 3.3.3
2024.09.24 15:04:07 INFO  no build target found for C:\pp-assignment-0\src\main\scala\Main.scala. Using presentation compiler with project's scala-library version: 3.3.3
2024.09.24 15:04:08 INFO  no build target found for C:\pp-assignment-0\src\main\scala\Main.scala. Using presentation compiler with project's scala-library version: 3.3.3
2024.09.24 15:04:07 INFO  no build target found for C:\pp-assignment-0\src\main\scala\Main.scala. Using presentation compiler with project's scala-library version: 3.3.3
2024.09.24 15:04:09 INFO  no build target found for C:\pp-assignment-0\src\main\scala\Main.scala. Using presentation compiler with project's scala-library version: 3.3.3
2024.09.24 15:04:09 INFO  no build target found for C:\pp-assignment-0\src\main\scala\Main.scala. Using presentation compiler with project's scala-library version: 3.3.3
2024.09.24 15:04:09 INFO  no build target found for C:\pp-assignment-0\src\main\scala\Main.scala. Using presentation compiler with project's scala-library version: 3.3.3
2024.09.24 15:04:09 INFO  no build target found for C:\pp-assignment-0\src\main\scala\Main.scala. Using presentation compiler with project's scala-library version: 3.3.3
2024.09.24 15:04:09 INFO  no build target found for C:\pp-assignment-0\src\main\scala\Main.scala. Using presentation compiler with project's scala-library version: 3.3.3
2024.09.24 15:04:10 INFO  no build target found for C:\pp-assignment-0\src\main\scala\Main.scala. Using presentation compiler with project's scala-library version: 3.3.3
2024.09.24 15:04:10 INFO  no build target found for C:\pp-assignment-0\src\main\scala\Main.scala. Using presentation compiler with project's scala-library version: 3.3.3
2024.09.24 15:04:10 INFO  no build target found for C:\pp-assignment-0\src\main\scala\Main.scala. Using presentation compiler with project's scala-library version: 3.3.3
2024.09.24 15:04:10 WARN  no build target for: C:\pp-assignment-0\src\main\scala\Main.scala
2024.09.24 15:04:10 INFO  no build target found for C:\pp-assignment-0\src\main\scala\Main.scala. Using presentation compiler with project's scala-library version: 3.3.3
2024.09.24 15:04:10 INFO  no build target found for C:\pp-assignment-0\src\main\scala\Main.scala. Using presentation compiler with project's scala-library version: 3.3.3
2024.09.24 15:04:11 INFO  no build target found for C:\pp-assignment-0\src\main\scala\Main.scala. Using presentation compiler with project's scala-library version: 3.3.3
2024.09.24 15:04:11 INFO  no build target found for C:\pp-assignment-0\src\main\scala\Main.scala. Using presentation compiler with project's scala-library version: 3.3.3
2024.09.24 15:04:13 INFO  no build target found for C:\pp-assignment-0\src\main\scala\Main.scala. Using presentation compiler with project's scala-library version: 3.3.3
2024.09.24 15:04:15 INFO  no build target found for C:\pp-assignment-0\src\main\scala\Main.scala. Using presentation compiler with project's scala-library version: 3.3.3
2024.09.24 15:04:15 INFO  no build target found for C:\pp-assignment-0\src\main\scala\Main.scala. Using presentation compiler with project's scala-library version: 3.3.3
2024.09.24 15:04:16 INFO  no build target found for C:\pp-assignment-0\src\main\scala\Main.scala. Using presentation compiler with project's scala-library version: 3.3.3
2024.09.24 15:04:54 INFO  no build target found for C:\pp-assignment-0\src\main\scala\Main.scala. Using presentation compiler with project's scala-library version: 3.3.3
2024.09.24 15:05:15 INFO  no build target found for C:\pp-assignment-0\src\test\scala\TestSuite.scala. Using presentation compiler with project's scala-library version: 3.3.3
2024.09.24 15:05:25 INFO  no build target found for C:\pp-assignment-0\src\main\scala\Main.scala. Using presentation compiler with project's scala-library version: 3.3.3
2024.09.24 15:05:25 INFO  no build target found for C:\pp-assignment-0\src\main\scala\Main.scala. Using presentation compiler with project's scala-library version: 3.3.3
2024.09.24 15:05:25 INFO  no build target found for C:\pp-assignment-0\src\main\scala\Main.scala. Using presentation compiler with project's scala-library version: 3.3.3
2024.09.24 15:05:25 INFO  no build target found for C:\pp-assignment-0\src\main\scala\Main.scala. Using presentation compiler with project's scala-library version: 3.3.3
2024.09.24 15:05:26 INFO  no build target found for C:\pp-assignment-0\src\main\scala\Main.scala. Using presentation compiler with project's scala-library version: 3.3.3
2024.09.24 15:05:26 INFO  no build target found for C:\pp-assignment-0\src\main\scala\Main.scala. Using presentation compiler with project's scala-library version: 3.3.3
2024.09.24 15:05:26 INFO  no build target found for C:\pp-assignment-0\src\main\scala\Main.scala. Using presentation compiler with project's scala-library version: 3.3.3
2024.09.24 15:05:28 INFO  no build target found for C:\pp-assignment-0\src\main\scala\Main.scala. Using presentation compiler with project's scala-library version: 3.3.3
2024.09.24 15:05:28 INFO  no build target found for C:\pp-assignment-0\src\main\scala\Main.scala. Using presentation compiler with project's scala-library version: 3.3.3
2024.09.24 15:05:30 WARN  no build target for: C:\pp-assignment-0\src\main\scala\Main.scala
2024.09.24 15:05:30 INFO  no build target found for C:\pp-assignment-0\src\main\scala\Main.scala. Using presentation compiler with project's scala-library version: 3.3.3
2024.09.24 15:05:30 INFO  no build target found for C:\pp-assignment-0\src\main\scala\Main.scala. Using presentation compiler with project's scala-library version: 3.3.3
2024.09.24 15:05:44 INFO  no build target found for C:\pp-assignment-0\src\main\scala\Main.scala. Using presentation compiler with project's scala-library version: 3.3.3
2024.09.24 15:05:44 INFO  no build target found for C:\pp-assignment-0\src\main\scala\Main.scala. Using presentation compiler with project's scala-library version: 3.3.3
9월 24, 2024 3:05:44 오후 org.eclipse.lsp4j.jsonrpc.RemoteEndpoint handleCancellation
경고: Unmatched cancel notification for request id 705
2024.09.24 15:05:44 INFO  no build target found for C:\pp-assignment-0\src\main\scala\Main.scala. Using presentation compiler with project's scala-library version: 3.3.3
2024.09.24 15:05:46 INFO  no build target found for C:\pp-assignment-0\src\main\scala\Main.scala. Using presentation compiler with project's scala-library version: 3.3.3
2024.09.24 15:05:46 INFO  no build target found for C:\pp-assignment-0\src\main\scala\Main.scala. Using presentation compiler with project's scala-library version: 3.3.3
2024.09.24 15:05:46 INFO  no build target found for C:\pp-assignment-0\src\main\scala\Main.scala. Using presentation compiler with project's scala-library version: 3.3.3
2024.09.24 15:05:47 INFO  no build target found for C:\pp-assignment-0\src\main\scala\Main.scala. Using presentation compiler with project's scala-library version: 3.3.3
2024.09.24 15:05:47 INFO  no build target found for C:\pp-assignment-0\src\main\scala\Main.scala. Using presentation compiler with project's scala-library version: 3.3.3
2024.09.24 15:05:47 INFO  no build target found for C:\pp-assignment-0\src\main\scala\Main.scala. Using presentation compiler with project's scala-library version: 3.3.3
2024.09.24 15:05:47 INFO  no build target found for C:\pp-assignment-0\src\main\scala\Main.scala. Using presentation compiler with project's scala-library version: 3.3.3
2024.09.24 15:05:47 INFO  no build target found for C:\pp-assignment-0\src\main\scala\Main.scala. Using presentation compiler with project's scala-library version: 3.3.3
2024.09.24 15:05:47 INFO  no build target found for C:\pp-assignment-0\src\main\scala\Main.scala. Using presentation compiler with project's scala-library version: 3.3.3
2024.09.24 15:05:47 INFO  no build target found for C:\pp-assignment-0\src\main\scala\Main.scala. Using presentation compiler with project's scala-library version: 3.3.3
2024.09.24 15:05:47 INFO  no build target found for C:\pp-assignment-0\src\main\scala\Main.scala. Using presentation compiler with project's scala-library version: 3.3.3
2024.09.24 15:05:47 INFO  no build target found for C:\pp-assignment-0\src\main\scala\Main.scala. Using presentation compiler with project's scala-library version: 3.3.3
2024.09.24 15:05:47 INFO  no build target found for C:\pp-assignment-0\src\main\scala\Main.scala. Using presentation compiler with project's scala-library version: 3.3.3
2024.09.24 15:05:49 INFO  no build target found for C:\pp-assignment-0\src\main\scala\Main.scala. Using presentation compiler with project's scala-library version: 3.3.3
2024.09.24 15:05:49 INFO  no build target found for C:\pp-assignment-0\src\main\scala\Main.scala. Using presentation compiler with project's scala-library version: 3.3.3
2024.09.24 15:05:49 INFO  no build target found for C:\pp-assignment-0\src\main\scala\Main.scala. Using presentation compiler with project's scala-library version: 3.3.3
2024.09.24 15:05:49 INFO  no build target found for C:\pp-assignment-0\src\main\scala\Main.scala. Using presentation compiler with project's scala-library version: 3.3.3
2024.09.24 15:05:49 INFO  no build target found for C:\pp-assignment-0\src\main\scala\Main.scala. Using presentation compiler with project's scala-library version: 3.3.3
2024.09.24 15:05:49 INFO  no build target found for C:\pp-assignment-0\src\main\scala\Main.scala. Using presentation compiler with project's scala-library version: 3.3.3
2024.09.24 15:05:49 INFO  no build target found for C:\pp-assignment-0\src\main\scala\Main.scala. Using presentation compiler with project's scala-library version: 3.3.3
2024.09.24 15:05:50 INFO  no build target found for C:\pp-assignment-0\src\main\scala\Main.scala. Using presentation compiler with project's scala-library version: 3.3.3
2024.09.24 15:05:50 INFO  no build target found for C:\pp-assignment-0\src\main\scala\Main.scala. Using presentation compiler with project's scala-library version: 3.3.3
2024.09.24 15:05:50 INFO  no build target found for C:\pp-assignment-0\src\main\scala\Main.scala. Using presentation compiler with project's scala-library version: 3.3.3
2024.09.24 15:05:50 INFO  no build target found for C:\pp-assignment-0\src\main\scala\Main.scala. Using presentation compiler with project's scala-library version: 3.3.3
2024.09.24 15:05:50 INFO  no build target found for C:\pp-assignment-0\src\main\scala\Main.scala. Using presentation compiler with project's scala-library version: 3.3.3
2024.09.24 15:05:50 INFO  no build target found for C:\pp-assignment-0\src\main\scala\Main.scala. Using presentation compiler with project's scala-library version: 3.3.3
2024.09.24 15:05:50 INFO  no build target found for C:\pp-assignment-0\src\main\scala\Main.scala. Using presentation compiler with project's scala-library version: 3.3.3
2024.09.24 15:05:50 INFO  no build target found for C:\pp-assignment-0\src\main\scala\Main.scala. Using presentation compiler with project's scala-library version: 3.3.3
2024.09.24 15:05:51 INFO  no build target found for C:\pp-assignment-0\src\main\scala\Main.scala. Using presentation compiler with project's scala-library version: 3.3.3
2024.09.24 15:05:51 INFO  no build target found for C:\pp-assignment-0\src\main\scala\Main.scala. Using presentation compiler with project's scala-library version: 3.3.3
2024.09.24 15:05:51 INFO  no build target found for C:\pp-assignment-0\src\main\scala\Main.scala. Using presentation compiler with project's scala-library version: 3.3.3
2024.09.24 15:05:51 INFO  no build target found for C:\pp-assignment-0\src\main\scala\Main.scala. Using presentation compiler with project's scala-library version: 3.3.3
2024.09.24 15:05:52 INFO  no build target found for C:\pp-assignment-0\src\main\scala\Main.scala. Using presentation compiler with project's scala-library version: 3.3.3
2024.09.24 15:05:53 INFO  no build target found for C:\pp-assignment-0\src\main\scala\Main.scala. Using presentation compiler with project's scala-library version: 3.3.3
2024.09.24 15:05:53 INFO  no build target found for C:\pp-assignment-0\src\main\scala\Main.scala. Using presentation compiler with project's scala-library version: 3.3.3
2024.09.24 15:05:53 INFO  no build target found for C:\pp-assignment-0\src\main\scala\Main.scala. Using presentation compiler with project's scala-library version: 3.3.3
2024.09.24 15:05:53 INFO  no build target found for C:\pp-assignment-0\src\main\scala\Main.scala. Using presentation compiler with project's scala-library version: 3.3.3
2024.09.24 15:05:54 INFO  no build target found for C:\pp-assignment-0\src\main\scala\Main.scala. Using presentation compiler with project's scala-library version: 3.3.3
2024.09.24 15:05:54 INFO  no build target found for C:\pp-assignment-0\src\main\scala\Main.scala. Using presentation compiler with project's scala-library version: 3.3.3
2024.09.24 15:05:55 INFO  no build target found for C:\pp-assignment-0\src\main\scala\Main.scala. Using presentation compiler with project's scala-library version: 3.3.3
2024.09.24 15:05:55 INFO  no build target found for C:\pp-assignment-0\src\main\scala\Main.scala. Using presentation compiler with project's scala-library version: 3.3.3
2024.09.24 15:05:55 INFO  no build target found for C:\pp-assignment-0\src\main\scala\Main.scala. Using presentation compiler with project's scala-library version: 3.3.3
2024.09.24 15:05:55 INFO  no build target found for C:\pp-assignment-0\src\main\scala\Main.scala. Using presentation compiler with project's scala-library version: 3.3.3
2024.09.24 15:05:55 INFO  no build target found for C:\pp-assignment-0\src\main\scala\Main.scala. Using presentation compiler with project's scala-library version: 3.3.3
2024.09.24 15:05:55 INFO  no build target found for C:\pp-assignment-0\src\main\scala\Main.scala. Using presentation compiler with project's scala-library version: 3.3.3
2024.09.24 15:05:55 INFO  no build target found for C:\pp-assignment-0\src\main\scala\Main.scala. Using presentation compiler with project's scala-library version: 3.3.3
2024.09.24 15:05:55 INFO  no build target found for C:\pp-assignment-0\src\main\scala\Main.scala. Using presentation compiler with project's scala-library version: 3.3.3
2024.09.24 15:05:55 INFO  no build target found for C:\pp-assignment-0\src\main\scala\Main.scala. Using presentation compiler with project's scala-library version: 3.3.3
2024.09.24 15:05:56 INFO  no build target found for C:\pp-assignment-0\src\main\scala\Main.scala. Using presentation compiler with project's scala-library version: 3.3.3
2024.09.24 15:05:56 INFO  no build target found for C:\pp-assignment-0\src\main\scala\Main.scala. Using presentation compiler with project's scala-library version: 3.3.3
2024.09.24 15:05:56 INFO  no build target found for C:\pp-assignment-0\src\main\scala\Main.scala. Using presentation compiler with project's scala-library version: 3.3.3
2024.09.24 15:05:56 INFO  no build target found for C:\pp-assignment-0\src\main\scala\Main.scala. Using presentation compiler with project's scala-library version: 3.3.3
2024.09.24 15:05:57 INFO  no build target found for C:\pp-assignment-0\src\main\scala\Main.scala. Using presentation compiler with project's scala-library version: 3.3.3
2024.09.24 15:05:56 INFO  no build target found for C:\pp-assignment-0\src\main\scala\Main.scala. Using presentation compiler with project's scala-library version: 3.3.3
2024.09.24 15:05:57 INFO  no build target found for C:\pp-assignment-0\src\main\scala\Main.scala. Using presentation compiler with project's scala-library version: 3.3.3
2024.09.24 15:05:57 INFO  no build target found for C:\pp-assignment-0\src\main\scala\Main.scala. Using presentation compiler with project's scala-library version: 3.3.3
2024.09.24 15:05:57 INFO  no build target found for C:\pp-assignment-0\src\main\scala\Main.scala. Using presentation compiler with project's scala-library version: 3.3.3
2024.09.24 15:05:58 INFO  no build target found for C:\pp-assignment-0\src\main\scala\Main.scala. Using presentation compiler with project's scala-library version: 3.3.3
2024.09.24 15:05:58 INFO  no build target found for C:\pp-assignment-0\src\main\scala\Main.scala. Using presentation compiler with project's scala-library version: 3.3.3
2024.09.24 15:05:58 INFO  no build target found for C:\pp-assignment-0\src\main\scala\Main.scala. Using presentation compiler with project's scala-library version: 3.3.3
2024.09.24 15:05:58 INFO  no build target found for C:\pp-assignment-0\src\main\scala\Main.scala. Using presentation compiler with project's scala-library version: 3.3.3
2024.09.24 15:05:59 INFO  no build target found for C:\pp-assignment-0\src\main\scala\Main.scala. Using presentation compiler with project's scala-library version: 3.3.3
2024.09.24 15:05:59 INFO  no build target found for C:\pp-assignment-0\src\main\scala\Main.scala. Using presentation compiler with project's scala-library version: 3.3.3
2024.09.24 15:05:59 INFO  no build target found for C:\pp-assignment-0\src\main\scala\Main.scala. Using presentation compiler with project's scala-library version: 3.3.3
2024.09.24 15:05:59 INFO  no build target found for C:\pp-assignment-0\src\main\scala\Main.scala. Using presentation compiler with project's scala-library version: 3.3.3
2024.09.24 15:06:00 INFO  no build target found for C:\pp-assignment-0\src\main\scala\Main.scala. Using presentation compiler with project's scala-library version: 3.3.3
2024.09.24 15:05:59 INFO  no build target found for C:\pp-assignment-0\src\main\scala\Main.scala. Using presentation compiler with project's scala-library version: 3.3.3
2024.09.24 15:05:59 INFO  no build target found for C:\pp-assignment-0\src\main\scala\Main.scala. Using presentation compiler with project's scala-library version: 3.3.3
2024.09.24 15:05:59 INFO  no build target found for C:\pp-assignment-0\src\main\scala\Main.scala. Using presentation compiler with project's scala-library version: 3.3.3
2024.09.24 15:05:59 INFO  no build target found for C:\pp-assignment-0\src\main\scala\Main.scala. Using presentation compiler with project's scala-library version: 3.3.3
2024.09.24 15:05:59 INFO  no build target found for C:\pp-assignment-0\src\main\scala\Main.scala. Using presentation compiler with project's scala-library version: 3.3.3
2024.09.24 15:05:59 INFO  no build target found for C:\pp-assignment-0\src\main\scala\Main.scala. Using presentation compiler with project's scala-library version: 3.3.3
2024.09.24 15:06:00 INFO  no build target found for C:\pp-assignment-0\src\main\scala\Main.scala. Using presentation compiler with project's scala-library version: 3.3.3
2024.09.24 15:05:59 INFO  no build target found for C:\pp-assignment-0\src\main\scala\Main.scala. Using presentation compiler with project's scala-library version: 3.3.3
2024.09.24 15:05:59 INFO  no build target found for C:\pp-assignment-0\src\main\scala\Main.scala. Using presentation compiler with project's scala-library version: 3.3.3
2024.09.24 15:05:59 INFO  no build target found for C:\pp-assignment-0\src\main\scala\Main.scala. Using presentation compiler with project's scala-library version: 3.3.3
2024.09.24 15:06:00 INFO  no build target found for C:\pp-assignment-0\src\main\scala\Main.scala. Using presentation compiler with project's scala-library version: 3.3.3
2024.09.24 15:06:00 INFO  no build target found for C:\pp-assignment-0\src\main\scala\Main.scala. Using presentation compiler with project's scala-library version: 3.3.3
2024.09.24 15:06:00 INFO  no build target found for C:\pp-assignment-0\src\main\scala\Main.scala. Using presentation compiler with project's scala-library version: 3.3.3
2024.09.24 15:06:01 INFO  no build target found for C:\pp-assignment-0\src\main\scala\Main.scala. Using presentation compiler with project's scala-library version: 3.3.3
2024.09.24 15:06:00 INFO  no build target found for C:\pp-assignment-0\src\main\scala\Main.scala. Using presentation compiler with project's scala-library version: 3.3.3
2024.09.24 15:06:00 INFO  no build target found for C:\pp-assignment-0\src\main\scala\Main.scala. Using presentation compiler with project's scala-library version: 3.3.3
2024.09.24 15:06:00 INFO  no build target found for C:\pp-assignment-0\src\main\scala\Main.scala. Using presentation compiler with project's scala-library version: 3.3.3
2024.09.24 15:06:01 INFO  no build target found for C:\pp-assignment-0\src\main\scala\Main.scala. Using presentation compiler with project's scala-library version: 3.3.3
2024.09.24 15:06:00 INFO  no build target found for C:\pp-assignment-0\src\main\scala\Main.scala. Using presentation compiler with project's scala-library version: 3.3.3
9월 24, 2024 3:06:02 오후 org.eclipse.lsp4j.jsonrpc.RemoteEndpoint handleCancellation
경고: Unmatched cancel notification for request id 863
2024.09.24 15:06:02 INFO  no build target found for C:\pp-assignment-0\src\main\scala\Main.scala. Using presentation compiler with project's scala-library version: 3.3.3
2024.09.24 15:06:02 INFO  no build target found for C:\pp-assignment-0\src\main\scala\Main.scala. Using presentation compiler with project's scala-library version: 3.3.3
2024.09.24 15:06:02 INFO  no build target found for C:\pp-assignment-0\src\main\scala\Main.scala. Using presentation compiler with project's scala-library version: 3.3.3
2024.09.24 15:06:02 INFO  no build target found for C:\pp-assignment-0\src\main\scala\Main.scala. Using presentation compiler with project's scala-library version: 3.3.3
2024.09.24 15:06:02 INFO  no build target found for C:\pp-assignment-0\src\main\scala\Main.scala. Using presentation compiler with project's scala-library version: 3.3.3
2024.09.24 15:06:01 WARN  no build target for: C:\pp-assignment-0\src\main\scala\Main.scala
2024.09.24 15:06:02 INFO  no build target found for C:\pp-assignment-0\src\main\scala\Main.scala. Using presentation compiler with project's scala-library version: 3.3.3
2024.09.24 15:06:01 INFO  no build target found for C:\pp-assignment-0\src\main\scala\Main.scala. Using presentation compiler with project's scala-library version: 3.3.3
2024.09.24 15:06:20 INFO  no build target found for C:\pp-assignment-0\src\main\scala\Main.scala. Using presentation compiler with project's scala-library version: 3.3.3
2024.09.24 15:06:20 INFO  no build target found for C:\pp-assignment-0\src\main\scala\Main.scala. Using presentation compiler with project's scala-library version: 3.3.3
2024.09.24 15:06:20 INFO  no build target found for C:\pp-assignment-0\src\main\scala\Main.scala. Using presentation compiler with project's scala-library version: 3.3.3
2024.09.24 15:06:22 INFO  no build target found for C:\pp-assignment-0\src\main\scala\Main.scala. Using presentation compiler with project's scala-library version: 3.3.3
2024.09.24 15:06:22 INFO  no build target found for C:\pp-assignment-0\src\main\scala\Main.scala. Using presentation compiler with project's scala-library version: 3.3.3
2024.09.24 15:06:22 INFO  no build target found for C:\pp-assignment-0\src\main\scala\Main.scala. Using presentation compiler with project's scala-library version: 3.3.3
2024.09.24 15:06:22 INFO  no build target found for C:\pp-assignment-0\src\main\scala\Main.scala. Using presentation compiler with project's scala-library version: 3.3.3
2024.09.24 15:06:22 INFO  no build target found for C:\pp-assignment-0\src\main\scala\Main.scala. Using presentation compiler with project's scala-library version: 3.3.3
2024.09.24 15:06:22 INFO  no build target found for C:\pp-assignment-0\src\main\scala\Main.scala. Using presentation compiler with project's scala-library version: 3.3.3
2024.09.24 15:06:22 INFO  no build target found for C:\pp-assignment-0\src\main\scala\Main.scala. Using presentation compiler with project's scala-library version: 3.3.3
2024.09.24 15:06:22 INFO  no build target found for C:\pp-assignment-0\src\main\scala\Main.scala. Using presentation compiler with project's scala-library version: 3.3.3
2024.09.24 15:06:22 INFO  no build target found for C:\pp-assignment-0\src\main\scala\Main.scala. Using presentation compiler with project's scala-library version: 3.3.3
2024.09.24 15:06:22 INFO  no build target found for C:\pp-assignment-0\src\main\scala\Main.scala. Using presentation compiler with project's scala-library version: 3.3.3
2024.09.24 15:06:23 INFO  no build target found for C:\pp-assignment-0\src\main\scala\Main.scala. Using presentation compiler with project's scala-library version: 3.3.3
2024.09.24 15:06:24 INFO  no build target found for C:\pp-assignment-0\src\main\scala\Main.scala. Using presentation compiler with project's scala-library version: 3.3.3
2024.09.24 15:06:24 INFO  no build target found for C:\pp-assignment-0\src\main\scala\Main.scala. Using presentation compiler with project's scala-library version: 3.3.3
2024.09.24 15:06:24 INFO  no build target found for C:\pp-assignment-0\src\main\scala\Main.scala. Using presentation compiler with project's scala-library version: 3.3.3
2024.09.24 15:06:24 INFO  no build target found for C:\pp-assignment-0\src\main\scala\Main.scala. Using presentation compiler with project's scala-library version: 3.3.3
2024.09.24 15:06:24 INFO  no build target found for C:\pp-assignment-0\src\main\scala\Main.scala. Using presentation compiler with project's scala-library version: 3.3.3
2024.09.24 15:06:24 INFO  no build target found for C:\pp-assignment-0\src\main\scala\Main.scala. Using presentation compiler with project's scala-library version: 3.3.3
2024.09.24 15:06:24 INFO  no build target found for C:\pp-assignment-0\src\main\scala\Main.scala. Using presentation compiler with project's scala-library version: 3.3.3
2024.09.24 15:06:25 INFO  no build target found for C:\pp-assignment-0\src\main\scala\Main.scala. Using presentation compiler with project's scala-library version: 3.3.3
2024.09.24 15:06:25 INFO  no build target found for C:\pp-assignment-0\src\main\scala\Main.scala. Using presentation compiler with project's scala-library version: 3.3.3
2024.09.24 15:06:25 INFO  no build target found for C:\pp-assignment-0\src\main\scala\Main.scala. Using presentation compiler with project's scala-library version: 3.3.3
2024.09.24 15:06:25 INFO  no build target found for C:\pp-assignment-0\src\main\scala\Main.scala. Using presentation compiler with project's scala-library version: 3.3.3
2024.09.24 15:06:26 INFO  no build target found for C:\pp-assignment-0\src\main\scala\Main.scala. Using presentation compiler with project's scala-library version: 3.3.3
2024.09.24 15:06:26 INFO  no build target found for C:\pp-assignment-0\src\main\scala\Main.scala. Using presentation compiler with project's scala-library version: 3.3.3
2024.09.24 15:06:26 INFO  no build target found for C:\pp-assignment-0\src\main\scala\Main.scala. Using presentation compiler with project's scala-library version: 3.3.3
2024.09.24 15:06:26 INFO  no build target found for C:\pp-assignment-0\src\main\scala\Main.scala. Using presentation compiler with project's scala-library version: 3.3.3
2024.09.24 15:06:26 INFO  no build target found for C:\pp-assignment-0\src\main\scala\Main.scala. Using presentation compiler with project's scala-library version: 3.3.3
2024.09.24 15:06:26 INFO  no build target found for C:\pp-assignment-0\src\main\scala\Main.scala. Using presentation compiler with project's scala-library version: 3.3.3
2024.09.24 15:06:27 INFO  no build target found for C:\pp-assignment-0\src\main\scala\Main.scala. Using presentation compiler with project's scala-library version: 3.3.3
2024.09.24 15:06:26 INFO  no build target found for C:\pp-assignment-0\src\main\scala\Main.scala. Using presentation compiler with project's scala-library version: 3.3.3
2024.09.24 15:06:26 INFO  no build target found for C:\pp-assignment-0\src\main\scala\Main.scala. Using presentation compiler with project's scala-library version: 3.3.3
2024.09.24 15:06:27 INFO  no build target found for C:\pp-assignment-0\src\main\scala\Main.scala. Using presentation compiler with project's scala-library version: 3.3.3
2024.09.24 15:06:28 INFO  no build target found for C:\pp-assignment-0\src\main\scala\Main.scala. Using presentation compiler with project's scala-library version: 3.3.3
2024.09.24 15:06:28 INFO  no build target found for C:\pp-assignment-0\src\main\scala\Main.scala. Using presentation compiler with project's scala-library version: 3.3.3
2024.09.24 15:06:27 INFO  no build target found for C:\pp-assignment-0\src\main\scala\Main.scala. Using presentation compiler with project's scala-library version: 3.3.3
2024.09.24 15:06:28 INFO  no build target found for C:\pp-assignment-0\src\main\scala\Main.scala. Using presentation compiler with project's scala-library version: 3.3.3
2024.09.24 15:06:28 WARN  no build target for: C:\pp-assignment-0\src\main\scala\Main.scala
2024.09.24 15:06:28 INFO  no build target found for C:\pp-assignment-0\src\main\scala\Main.scala. Using presentation compiler with project's scala-library version: 3.3.3
2024.09.24 15:06:28 INFO  no build target found for C:\pp-assignment-0\src\main\scala\Main.scala. Using presentation compiler with project's scala-library version: 3.3.3
2024.09.24 15:07:39 INFO  no build target found for C:\pp-assignment-0\src\main\scala\Main.scala. Using presentation compiler with project's scala-library version: 3.3.3
2024.09.24 15:09:14 INFO  no build target found for C:\pp-assignment-0\build.sbt. Using presentation compiler with project's scala-library version: 3.3.3
2024.09.24 15:09:16 INFO  no build target found for C:\pp-assignment-0\build.sbt. Using presentation compiler with project's scala-library version: 3.3.3
2024.09.24 15:09:22 INFO  no build target found for C:\pp-assignment-0\src\main\scala\Main.scala. Using presentation compiler with project's scala-library version: 3.3.3
2024.09.24 15:09:47 INFO  no build target found for C:\pp-assignment-0\src\main\scala\Main.scala. Using presentation compiler with project's scala-library version: 3.3.3
2024.09.24 15:10:39 INFO  no build target found for C:\pp-assignment-0\src\main\scala\Main.scala. Using presentation compiler with project's scala-library version: 3.3.3
2024.09.24 15:10:43 INFO  no build target found for C:\pp-assignment-0\src\main\scala\Main.scala. Using presentation compiler with project's scala-library version: 3.3.3
2024.09.24 15:11:01 INFO  no build target found for C:\pp-assignment-0\src\main\scala\Main.scala. Using presentation compiler with project's scala-library version: 3.3.3
2024.09.24 15:11:36 INFO  no build target found for C:\pp-assignment-0\src\main\scala\Main.scala. Using presentation compiler with project's scala-library version: 3.3.3
9월 24, 2024 3:15:31 오후 org.eclipse.lsp4j.jsonrpc.services.GenericEndpoint notify
정보: Unsupported notification method: $/setTrace
9월 24, 2024 3:18:34 오후 org.eclipse.lsp4j.jsonrpc.RemoteEndpoint handleNotification
경고: Notification threw an exception: {
  "jsonrpc": "2.0",
  "method": "metals/didFocusTextDocument",
  "params": [
    "git:/c%3A/pp-assignment-0/src/main/scala/Main.scala?%7B%22path%22%3A%22c%3A%5C%5Cpp-assignment-0%5C%5Csrc%5C%5Cmain%5C%5Cscala%5C%5CMain.scala%22%2C%22ref%22%3A%225e88c1c1afd264abf7285a6214ba6d8434183b5e%22%7D"
  ]
}
java.nio.file.FileSystemNotFoundException: Provider "git" not installed
	at java.base/java.nio.file.Path.of(Path.java:212)
	at java.base/java.nio.file.Paths.get(Paths.java:98)
	at scala.meta.internal.mtags.MtagsEnrichments$XtensionURIMtags.toAbsolutePath(MtagsEnrichments.scala:130)
	at scala.meta.internal.mtags.MtagsEnrichments$XtensionStringMtags.toAbsolutePath(MtagsEnrichments.scala:187)
	at scala.meta.internal.metals.MetalsEnrichments$XtensionString.toAbsolutePath(MetalsEnrichments.scala:773)
	at scala.meta.internal.metals.MetalsEnrichments$XtensionString.toAbsolutePath(MetalsEnrichments.scala:770)
	at scala.meta.internal.metals.WorkspaceLspService.didFocus(WorkspaceLspService.scala:698)
	at scala.meta.metals.lsp.DelegatingScalaService.didFocus(DelegatingScalaService.scala:43)
	at java.base/jdk.internal.reflect.NativeMethodAccessorImpl.invoke0(Native Method)
	at java.base/jdk.internal.reflect.NativeMethodAccessorImpl.invoke(NativeMethodAccessorImpl.java:77)
	at java.base/jdk.internal.reflect.DelegatingMethodAccessorImpl.invoke(DelegatingMethodAccessorImpl.java:43)
	at java.base/java.lang.reflect.Method.invoke(Method.java:568)
	at org.eclipse.lsp4j.jsonrpc.services.GenericEndpoint.lambda$recursiveFindRpcMethods$0(GenericEndpoint.java:65)
	at org.eclipse.lsp4j.jsonrpc.services.GenericEndpoint.notify(GenericEndpoint.java:160)
	at org.eclipse.lsp4j.jsonrpc.RemoteEndpoint.handleNotification(RemoteEndpoint.java:231)
	at org.eclipse.lsp4j.jsonrpc.RemoteEndpoint.consume(RemoteEndpoint.java:198)
	at org.eclipse.lsp4j.jsonrpc.json.StreamMessageProducer.handleMessage(StreamMessageProducer.java:185)
	at org.eclipse.lsp4j.jsonrpc.json.StreamMessageProducer.listen(StreamMessageProducer.java:97)
	at org.eclipse.lsp4j.jsonrpc.json.ConcurrentMessageProcessor.run(ConcurrentMessageProcessor.java:114)
	at java.base/java.util.concurrent.Executors$RunnableAdapter.call(Executors.java:539)
	at java.base/java.util.concurrent.FutureTask.run(FutureTask.java:264)
	at java.base/java.util.concurrent.ThreadPoolExecutor.runWorker(ThreadPoolExecutor.java:1136)
	at java.base/java.util.concurrent.ThreadPoolExecutor$Worker.run(ThreadPoolExecutor.java:635)
	at java.base/java.lang.Thread.run(Thread.java:840)

9월 24, 2024 3:25:00 오후 org.eclipse.lsp4j.jsonrpc.RemoteEndpoint handleNotification
경고: Notification threw an exception: {
  "jsonrpc": "2.0",
  "method": "metals/didFocusTextDocument",
  "params": [
    "git:/c%3A/pp-assignment-0/src/main/scala/Main.scala?%7B%22path%22%3A%22c%3A%5C%5Cpp-assignment-0%5C%5Csrc%5C%5Cmain%5C%5Cscala%5C%5CMain.scala%22%2C%22ref%22%3A%227cff8619624a2820bd44046e11e0b23190c6ead1%22%7D"
  ]
}
java.nio.file.FileSystemNotFoundException: Provider "git" not installed
	at java.base/java.nio.file.Path.of(Path.java:212)
	at java.base/java.nio.file.Paths.get(Paths.java:98)
	at scala.meta.internal.mtags.MtagsEnrichments$XtensionURIMtags.toAbsolutePath(MtagsEnrichments.scala:130)
	at scala.meta.internal.mtags.MtagsEnrichments$XtensionStringMtags.toAbsolutePath(MtagsEnrichments.scala:187)
	at scala.meta.internal.metals.MetalsEnrichments$XtensionString.toAbsolutePath(MetalsEnrichments.scala:773)
	at scala.meta.internal.metals.MetalsEnrichments$XtensionString.toAbsolutePath(MetalsEnrichments.scala:770)
	at scala.meta.internal.metals.WorkspaceLspService.didFocus(WorkspaceLspService.scala:698)
	at scala.meta.metals.lsp.DelegatingScalaService.didFocus(DelegatingScalaService.scala:43)
	at jdk.internal.reflect.GeneratedMethodAccessor16.invoke(Unknown Source)
	at java.base/jdk.internal.reflect.DelegatingMethodAccessorImpl.invoke(DelegatingMethodAccessorImpl.java:43)
	at java.base/java.lang.reflect.Method.invoke(Method.java:568)
	at org.eclipse.lsp4j.jsonrpc.services.GenericEndpoint.lambda$recursiveFindRpcMethods$0(GenericEndpoint.java:65)
	at org.eclipse.lsp4j.jsonrpc.services.GenericEndpoint.notify(GenericEndpoint.java:160)
	at org.eclipse.lsp4j.jsonrpc.RemoteEndpoint.handleNotification(RemoteEndpoint.java:231)
	at org.eclipse.lsp4j.jsonrpc.RemoteEndpoint.consume(RemoteEndpoint.java:198)
	at org.eclipse.lsp4j.jsonrpc.json.StreamMessageProducer.handleMessage(StreamMessageProducer.java:185)
	at org.eclipse.lsp4j.jsonrpc.json.StreamMessageProducer.listen(StreamMessageProducer.java:97)
	at org.eclipse.lsp4j.jsonrpc.json.ConcurrentMessageProcessor.run(ConcurrentMessageProcessor.java:114)
	at java.base/java.util.concurrent.Executors$RunnableAdapter.call(Executors.java:539)
	at java.base/java.util.concurrent.FutureTask.run(FutureTask.java:264)
	at java.base/java.util.concurrent.ThreadPoolExecutor.runWorker(ThreadPoolExecutor.java:1136)
	at java.base/java.util.concurrent.ThreadPoolExecutor$Worker.run(ThreadPoolExecutor.java:635)
	at java.base/java.lang.Thread.run(Thread.java:840)

2024.09.24 15:25:01 INFO  no build target found for C:\pp-assignment-0\src\main\scala\Main.scala. Using presentation compiler with project's scala-library version: 3.3.3
2024.09.24 15:25:11 INFO  no build target found for C:\pp-assignment-0\src\main\scala\Main.scala. Using presentation compiler with project's scala-library version: 3.3.3
2024.09.24 15:26:07 INFO  no build target found for C:\pp-assignment-0\src\main\scala\Main.scala. Using presentation compiler with project's scala-library version: 3.3.3
2024.09.24 15:26:23 INFO  no build target found for C:\pp-assignment-0\src\main\scala\Main.scala. Using presentation compiler with project's scala-library version: 3.3.3
2024.09.24 15:26:23 INFO  no build target found for C:\pp-assignment-0\src\main\scala\Main.scala. Using presentation compiler with project's scala-library version: 3.3.3
2024.09.24 15:26:23 INFO  no build target found for C:\pp-assignment-0\src\main\scala\Main.scala. Using presentation compiler with project's scala-library version: 3.3.3
2024.09.24 15:26:34 INFO  Shutting down server
2024.09.24 15:26:34 INFO  shutting down Metals
2024.09.24 15:26:34 INFO  Exiting server
2024.09.24 15:26:42 INFO  Started: Metals version 1.3.5 in folders 'C:\pp-assignment-0' for client Visual Studio Code 1.93.1.
SLF4J(W): Class path contains multiple SLF4J providers.
SLF4J(W): Found provider [scribe.slf4j.ScribeServiceProvider@448ff1c0]
SLF4J(W): Found provider [ch.qos.logback.classic.spi.LogbackServiceProvider@b1ffabc]
SLF4J(W): See https://www.slf4j.org/codes.html#multiple_bindings for an explanation.
SLF4J(I): Actual provider is of type [scribe.slf4j.ScribeServiceProvider@448ff1c0]
2024.09.24 15:26:43 WARN  Flyway upgrade recommended: H2 2.3.230 is newer than this version of Flyway and support has not been tested. The latest supported version of H2 is 2.2.220.
2024.09.24 15:26:47 INFO  no build target found for C:\pp-assignment-0\src\main\scala\Main.scala. Using presentation compiler with project's scala-library version: 3.3.3
2024.09.24 15:26:52 INFO  no build target found for C:\pp-assignment-0\src\main\scala\Main.scala. Using presentation compiler with project's scala-library version: 3.3.3
2024.09.24 15:26:53 INFO  no build target found for C:\pp-assignment-0\src\main\scala\Main.scala. Using presentation compiler with project's scala-library version: 3.3.3
9월 24, 2024 3:27:04 오후 org.eclipse.lsp4j.jsonrpc.services.GenericEndpoint notify
정보: Unsupported notification method: $/setTrace
9월 24, 2024 3:27:04 오후 org.eclipse.lsp4j.jsonrpc.services.GenericEndpoint notify
정보: Unsupported notification method: $/setTrace
2024.09.24 15:27:14 INFO  Shutting down server
2024.09.24 15:27:14 INFO  shutting down Metals
2024.09.24 15:27:14 INFO  Exiting server
2024.09.24 15:27:32 INFO  Started: Metals version 1.3.5 in folders 'C:\pp-assignment-0' for client Visual Studio Code 1.93.1.
SLF4J(W): Class path contains multiple SLF4J providers.
SLF4J(W): Found provider [scribe.slf4j.ScribeServiceProvider@4485c564]
SLF4J(W): Found provider [ch.qos.logback.classic.spi.LogbackServiceProvider@5e72c00b]
SLF4J(W): See https://www.slf4j.org/codes.html#multiple_bindings for an explanation.
SLF4J(I): Actual provider is of type [scribe.slf4j.ScribeServiceProvider@4485c564]
2024.09.24 15:27:34 WARN  Flyway upgrade recommended: H2 2.3.230 is newer than this version of Flyway and support has not been tested. The latest supported version of H2 is 2.2.220.
2024.09.24 15:27:36 INFO  skipping build import with status 'Dismissed'
2024.09.24 15:33:09 INFO  Shutting down server
2024.09.24 15:33:09 INFO  shutting down Metals
2024.09.24 15:33:09 INFO  Exiting server
